<?xml version="1.0" encoding="UTF-8"?>
<!-- Generated by org.testng.reporters.JUnitXMLReporter -->
<testsuite ignored="0" hostname="ATMECSINDT-030" failures="2" tests="3" name="Test" time="59.047" errors="0" timestamp="13 Aug 2019 13:50:02 GMT">
  <testcase classname="com.toolsqa.testscripts.PurchaseProducts" name="ValidateProductSAndAddToCart" time="8.747">
    <failure type="org.openqa.selenium.NoSuchElementException" message="Cannot locate element with text: Grey
For documentation on this error, please visit: https://www.seleniumhq.org/exceptions/no_such_element.html
Build info: version: &amp;apos;4.0.0-alpha-2&amp;apos;, revision: &amp;apos;f148142cf8&amp;apos;, time: &amp;apos;2019-07-01T20:55:26&amp;apos;
System info: host: &amp;apos;ATMECSINDT-030&amp;apos;, ip: &amp;apos;192.168.223.2&amp;apos;, os.name: &amp;apos;Windows 10&amp;apos;, os.arch: &amp;apos;amd64&amp;apos;, os.version: &amp;apos;10.0&amp;apos;, java.version: &amp;apos;12.0.1&amp;apos;
Driver info: driver.version: unknown">
      <![CDATA[org.openqa.selenium.NoSuchElementException: Cannot locate element with text: Grey
For documentation on this error, please visit: https://www.seleniumhq.org/exceptions/no_such_element.html
Build info: version: '4.0.0-alpha-2', revision: 'f148142cf8', time: '2019-07-01T20:55:26'
System info: host: 'ATMECSINDT-030', ip: '192.168.223.2', os.name: 'Windows 10', os.arch: 'amd64', os.version: '10.0', java.version: '12.0.1'
Driver info: driver.version: unknown
at org.openqa.selenium.support.ui.Select.selectByVisibleText(Select.java:147)
at com.toolsqa.utils.Utils$2.apply(Utils.java:50)
at com.toolsqa.utils.Utils$2.apply(Utils.java:1)
at org.openqa.selenium.support.ui.FluentWait.until(FluentWait.java:249)
at com.toolsqa.utils.Utils.ignoreClickInterceptAndClickOnElementforViewPage(Utils.java:46)
at com.toolsqa.testscripts.PurchaseProducts.ValidateProductSAndAddToCart(PurchaseProducts.java:31)
... Removed 25 stack frames]]>
    </failure>
  </testcase> <!-- ValidateProductSAndAddToCart -->
  <testcase classname="com.toolsqa.testscripts.ValidateHome" name="validatePage" time="0.571"/>
  <testcase classname="com.toolsqa.testscripts.PurchaseProducts" name="checkAvailablityOfProductsInCart" time="22.038">
    <failure type="org.openqa.selenium.WebDriverException" message="chrome not reachable
  (Session info: chrome=76.0.3809.100)
Build info: version: &amp;apos;4.0.0-alpha-2&amp;apos;, revision: &amp;apos;f148142cf8&amp;apos;, time: &amp;apos;2019-07-01T20:55:26&amp;apos;
System info: host: &amp;apos;ATMECSINDT-030&amp;apos;, ip: &amp;apos;192.168.223.2&amp;apos;, os.name: &amp;apos;Windows 10&amp;apos;, os.arch: &amp;apos;amd64&amp;apos;, os.version: &amp;apos;10.0&amp;apos;, java.version: &amp;apos;12.0.1&amp;apos;
Driver info: org.openqa.selenium.chrome.ChromeDriver
Capabilities {acceptInsecureCerts: false, browserName: chrome, browserVersion: 76.0.3809.100, chrome: {chromedriverVersion: 75.0.3770.140 (2d9f97485c7b..., userDataDir: C:\Users\VEDHA~1.VEN\AppDat...}, goog:chromeOptions: {debuggerAddress: localhost:62417}, javascriptEnabled: true, networkConnectionEnabled: false, pageLoadStrategy: normal, platform: XP, platformName: XP, proxy: Proxy(), setWindowRect: true, strictFileInteractability: false, timeouts: {implicit: 0, pageLoad: 300000, script: 30000}, unhandledPromptBehavior: dismiss and notify}
Session ID: ca68ed577572d6c83af77834799f055f
*** Element info: {Using=xpath, value=//i[@class=&amp;apos;icon_bag_alt&amp;apos;]}">
      <![CDATA[org.openqa.selenium.WebDriverException: chrome not reachable
  (Session info: chrome=76.0.3809.100)
Build info: version: '4.0.0-alpha-2', revision: 'f148142cf8', time: '2019-07-01T20:55:26'
System info: host: 'ATMECSINDT-030', ip: '192.168.223.2', os.name: 'Windows 10', os.arch: 'amd64', os.version: '10.0', java.version: '12.0.1'
Driver info: org.openqa.selenium.chrome.ChromeDriver
Capabilities {acceptInsecureCerts: false, browserName: chrome, browserVersion: 76.0.3809.100, chrome: {chromedriverVersion: 75.0.3770.140 (2d9f97485c7b..., userDataDir: C:\Users\VEDHA~1.VEN\AppDat...}, goog:chromeOptions: {debuggerAddress: localhost:62417}, javascriptEnabled: true, networkConnectionEnabled: false, pageLoadStrategy: normal, platform: XP, platformName: XP, proxy: Proxy(), setWindowRect: true, strictFileInteractability: false, timeouts: {implicit: 0, pageLoad: 300000, script: 30000}, unhandledPromptBehavior: dismiss and notify}
Session ID: ca68ed577572d6c83af77834799f055f
*** Element info: {Using=xpath, value=//i[@class='icon_bag_alt']}
at org.openqa.selenium.remote.codec.w3c.W3CHttpResponseCodec.createException(W3CHttpResponseCodec.java:191)
at org.openqa.selenium.remote.codec.w3c.W3CHttpResponseCodec.decode(W3CHttpResponseCodec.java:125)
at org.openqa.selenium.remote.codec.w3c.W3CHttpResponseCodec.decode(W3CHttpResponseCodec.java:52)
at org.openqa.selenium.remote.HttpCommandExecutor.execute(HttpCommandExecutor.java:161)
at org.openqa.selenium.remote.service.DriverCommandExecutor.execute(DriverCommandExecutor.java:83)
at org.openqa.selenium.remote.RemoteWebDriver.execute(RemoteWebDriver.java:576)
at org.openqa.selenium.remote.RemoteWebDriver.findElement(RemoteWebDriver.java:327)
at org.openqa.selenium.remote.RemoteWebDriver.findElementByXPath(RemoteWebDriver.java:445)
at org.openqa.selenium.By$ByXPath.findElement(By.java:353)
at org.openqa.selenium.remote.RemoteWebDriver.findElement(RemoteWebDriver.java:319)
at com.toolsqa.utils.Utils$1.apply(Utils.java:32)
at com.toolsqa.utils.Utils$1.apply(Utils.java:1)
at org.openqa.selenium.support.ui.FluentWait.until(FluentWait.java:249)
at com.toolsqa.utils.Utils.ignoreClickInterceptAndClickOnElement(Utils.java:30)
at com.toolsqa.testscripts.PurchaseProducts.checkAvailablityOfProductsInCart(PurchaseProducts.java:55)
... Removed 30 stack frames]]>
    </failure>
  </testcase> <!-- checkAvailablityOfProductsInCart -->
</testsuite> <!-- Test -->
